<?xml version="1.0" encoding="UTF-8"?>
<!-- Generated by org.testng.reporters.JUnitReportReporter -->
<testsuite hostname="DESKTOP-TUPP6IG" name="Testcases.VerifyHomePage" tests="1" failures="0" timestamp="8 Oct 2017 06:57:38 GMT" time="18.849" errors="0">
  <testcase name="testHomePage" time="18.849" classname="Testcases.VerifyHomePage"/>
</testsuite> <!-- Testcases.VerifyHomePage -->
